<?xml version="1.0" encoding="UTF-8"?>
<!DOCTYPE configuration>
<configuration debug="true">

	<!-- Just used while running in process while developing -->
	<!-- STDOUT logs to STDOUT but only those events with a level of INFO or
	below -->
	<appender name="STDOUT" class="ch.qos.logback.core.ConsoleAppender">
		<filter class="ch.qos.logback.classic.filter.LevelFilter">
			<level>ERROR</level>
			<onMatch>DENY</onMatch>
			<onMismatch>NEUTRAL</onMismatch>
		</filter>
		<filter class="ch.qos.logback.classic.filter.LevelFilter">
			<level>WARN</level>
			<onMatch>DENY</onMatch>
			<onMismatch>NEUTRAL</onMismatch>
		</filter>
		<filter class="ch.qos.logback.classic.filter.LevelFilter">
			<level>DEBUG</level>
			<onMatch>DENY</onMatch>
			<onMismatch>NEUTRAL</onMismatch>
		</filter>
		<encoder>
			<pattern>%d{HH:mm:ss.SSS} [%thread] %-5level %logger{5} - %msg%n</pattern>
		</encoder>
		<target>System.out</target>
	</appender>

	<!-- STDERR logs to STDERR but only those events with a level of WARN or
	above -->
	<appender name="STDERR" class="ch.qos.logback.core.ConsoleAppender">
		<!-- deny all events with a level below INFO, that is TRACE and DEBUG -->
		<filter class="ch.qos.logback.classic.filter.ThresholdFilter">
			<level>WARN</level>
		</filter>
		<encoder>
			<pattern>%d{HH:mm:ss.SSS} [%thread] %-5level %logger{5} - %msg%n</pattern>
		</encoder>
		<target>System.err</target>
	</appender>
	

	<root level="info">
		<appender-ref ref="STDERR" />
		<appender-ref ref="STDOUT" />
	</root>


	
	

</configuration>

